<?xml version="1.0" encoding="UTF-8"?>
<!-- Generated by org.testng.reporters.JUnitReportReporter -->
<testsuite hostname="DESKTOP-9JSNGEG" failures="0" tests="1" name="tutorialsninja.registerfunctionality.TC_RF_001" time="6.782" errors="0" timestamp="2025-01-20T13:00:52 IST" skipped="0">
  <testcase classname="tutorialsninja.registerfunctionality.TC_RF_001" name="VerifyRegisteringWithMandatoryField" time="6.782"/>
</testsuite> <!-- tutorialsninja.registerfunctionality.TC_RF_001 -->
